   Input file: ../examples/listing3-logk-paper
  Output file: ../out/listing3-logk-paper.out
Database file: ../database/phreeqc.dat

------------------
Reading data base.
------------------

	SOLUTION_MASTER_SPECIES
	SOLUTION_SPECIES
	PHASES
	EXCHANGE_MASTER_SPECIES
	EXCHANGE_SPECIES
	SURFACE_MASTER_SPECIES
	SURFACE_SPECIES
	RATES
	END
------------------------------------
Reading input data for simulation 1.
------------------------------------

	TITLE Multiphase equilibrium calculation.
	KNOBS
	        convergence_tolerance 1e-15
	        iterations 10000
	SOLUTION 2  Seawater
	        units   ppm
	        pH      8.22
	        pe      8.451
	        density 1.023
	        temp    25.0
	        Ca              412.3
	        Mg              1291.8
	        Na              10768.0
	        K               399.1
	        Si              4.28
	        Cl              19353.0
	        Alkalinity      141.682 as HCO3
	        S(6)            2712.0
	EQUILIBRIUM_PHASES
	        Calcite         0.0 1.0
	        Dolomite        0.0 5.0
	        Quartz          0.0 10.0
	GAS_PHASE
	        fixed_volume
	        volume         1.0
	        CO2(g)          0.99
	        H2O(g)          0.01
	END
-----
TITLE
-----

 Multiphase equilibrium calculation.

-------------------------------------------
Beginning of initial solution calculations.
-------------------------------------------

Initial solution 2.	Seawater

-----------------------------Solution composition------------------------------

	Elements           Molality       Moles

	Alkalinity        2.406e-03   2.406e-03
	Ca                1.066e-02   1.066e-02
	Cl                5.657e-01   5.657e-01
	K                 1.058e-02   1.058e-02
	Mg                5.507e-02   5.507e-02
	Na                4.854e-01   4.854e-01
	S(6)              2.926e-02   2.926e-02
	Si                7.382e-05   7.382e-05

----------------------------Description of solution----------------------------

                                       pH  =   8.220    
                                       pe  =   8.451    
      Specific Conductance (µS/cm,  25°C)  = 52630
                          Density (g/cm³)  =   1.02323
                               Volume (L)  =   1.01282
                        Activity of water  =   0.981
                 Ionic strength (mol/kgw)  =   6.747e-01
                       Mass of water (kg)  =   1.000e+00
                    Total carbon (mol/kg)  =   2.182e-03
                       Total CO2 (mol/kg)  =   2.182e-03
                         Temperature (°C)  =  25.00
                  Electrical balance (eq)  =   7.967e-04
 Percent error, 100*(Cat-|An|)/(Cat+|An|)  =   0.07
                               Iterations  =   8
                                  Total H  = 1.110147e+02
                                  Total O  = 5.563009e+01

----------------------------Distribution of species----------------------------

                                               Log       Log       Log    mole V
   Species          Molality    Activity  Molality  Activity     Gamma   cm³/mol

   OH-             2.705e-06   1.647e-06    -5.568    -5.783    -0.215     -2.63
   H+              7.984e-09   6.026e-09    -8.098    -8.220    -0.122      0.00
   H2O             5.551e+01   9.806e-01     1.744    -0.009     0.000     18.07
C(4)          2.182e-03
   HCO3-           1.485e-03   1.003e-03    -2.828    -2.999    -0.171     26.98
   MgHCO3+         2.560e-04   1.610e-04    -3.592    -3.793    -0.201      5.82
   NaHCO3          1.658e-04   1.936e-04    -3.780    -3.713     0.067      1.80
   MgCO3           8.748e-05   1.022e-04    -4.058    -3.991     0.067    -17.09
   NaCO3-          6.682e-05   4.991e-05    -4.175    -4.302    -0.127      2.88
   CaHCO3+         4.454e-05   3.081e-05    -4.351    -4.511    -0.160      9.96
   CO3-2           3.753e-05   7.804e-06    -4.426    -5.108    -0.682     -1.97
   CaCO3           2.703e-05   3.158e-05    -4.568    -4.501     0.067    -14.60
   CO2             1.186e-05   1.385e-05    -4.926    -4.858     0.067     34.43
   (CO2)2          3.016e-12   3.523e-12   -11.521   -11.453     0.067     68.87
Ca            1.066e-02
   Ca+2            9.634e-03   2.409e-03    -2.016    -2.618    -0.602    -16.69
   CaSO4           9.548e-04   1.115e-03    -3.020    -2.953     0.067      7.50
   CaHCO3+         4.454e-05   3.081e-05    -4.351    -4.511    -0.160      9.96
   CaCO3           2.703e-05   3.158e-05    -4.568    -4.501     0.067    -14.60
   CaOH+           8.711e-08   6.505e-08    -7.060    -7.187    -0.127     (0)  
   CaHSO4+         5.915e-11   4.418e-11   -10.228   -10.355    -0.127     (0)  
Cl            5.657e-01
   Cl-             5.657e-01   3.568e-01    -0.247    -0.448    -0.200     18.79
H(0)          5.515e-37
   H2              2.758e-37   3.221e-37   -36.559   -36.492     0.067     28.61
K             1.058e-02
   K+              1.040e-02   6.483e-03    -1.983    -2.188    -0.205      9.66
   KSO4-           1.756e-04   1.186e-04    -3.755    -3.926    -0.171     34.85
Mg            5.507e-02
   Mg+2            4.754e-02   1.372e-02    -1.323    -1.863    -0.540    -20.41
   MgSO4           7.170e-03   8.375e-03    -2.144    -2.077     0.067      5.84
   MgHCO3+         2.560e-04   1.610e-04    -3.592    -3.793    -0.201      5.82
   MgCO3           8.748e-05   1.022e-04    -4.058    -3.991     0.067    -17.09
   MgOH+           1.151e-05   8.107e-06    -4.939    -5.091    -0.152     (0)  
Na            4.854e-01
   Na+             4.785e-01   3.434e-01    -0.320    -0.464    -0.144     -0.50
   NaSO4-          6.637e-03   4.482e-03    -2.178    -2.349    -0.171     21.21
   NaHCO3          1.658e-04   1.936e-04    -3.780    -3.713     0.067      1.80
   NaCO3-          6.682e-05   4.991e-05    -4.175    -4.302    -0.127      2.88
   NaOH            4.843e-17   5.657e-17   -16.315   -16.247     0.067     (0)  
O(0)          6.615e-20
   O2              3.307e-20   3.863e-20   -19.481   -19.413     0.067     30.40
S(6)          2.926e-02
   SO4-2           1.432e-02   2.604e-03    -1.844    -2.584    -0.740     17.49
   MgSO4           7.170e-03   8.375e-03    -2.144    -2.077     0.067      5.84
   NaSO4-          6.637e-03   4.482e-03    -2.178    -2.349    -0.171     21.21
   CaSO4           9.548e-04   1.115e-03    -3.020    -2.953     0.067      7.50
   KSO4-           1.756e-04   1.186e-04    -3.755    -3.926    -0.171     34.85
   HSO4-           2.042e-09   1.525e-09    -8.690    -8.817    -0.127     40.96
   CaHSO4+         5.915e-11   4.418e-11   -10.228   -10.355    -0.127     (0)  
Si            7.382e-05
   H4SiO4          7.061e-05   8.248e-05    -4.151    -4.084     0.067     52.08
   H3SiO4-         3.210e-06   2.018e-06    -5.494    -5.695    -0.201     28.72
   H2SiO4-2        1.096e-10   2.279e-11    -9.960   -10.642    -0.682     (0)  

------------------------------Saturation indices-------------------------------

  Phase               SI** log IAP   log K(298 K,   1 atm)

  Anhydrite        -0.93     -5.20   -4.28  CaSO4
  Aragonite         0.61     -7.73   -8.34  CaCO3
  Calcite           0.75     -7.73   -8.48  CaCO3
  Chalcedony       -0.52     -4.07   -3.55  SiO2
  Chrysotile        3.36     35.56   32.20  Mg3Si2O5(OH)4
  CO2(g)           -3.39     -4.86   -1.47  CO2	 Pressure   1.0 atm, phi 0.994
  Dolomite          2.39    -14.70  -17.09  CaMg(CO3)2
  Gypsum           -0.64     -5.22   -4.58  CaSO4:2H2O
  H2(g)           -33.39    -36.49   -3.10  H2
  H2O(g)           -1.51     -0.01    1.50  H2O	 Pressure   0.0 atm, phi 0.990
  Halite           -2.48     -0.91    1.57  NaCl
  O2(g)           -16.52    -19.41   -2.89  O2
  Quartz           -0.09     -4.07   -3.98  SiO2
  Sepiolite         1.15     16.91   15.76  Mg2Si3O7.5OH:3H2O
  Sepiolite(d)     -1.75     16.91   18.66  Mg2Si3O7.5OH:3H2O
  SiO2(a)          -1.35     -4.07   -2.71  SiO2
  Sylvite          -3.54     -2.64    0.90  KCl
  Talc              6.03     27.43   21.40  Mg3Si4O10(OH)2

**For a gas, SI = log10(fugacity). Fugacity = pressure * phi / 1 atm.
  For ideal gases, phi = 1.

-----------------------------------------
Beginning of batch-reaction calculations.
-----------------------------------------

Reaction step 1.

Using solution 2.	Seawater
Using pure phase assemblage 1.	
Using gas phase 1.	

-----------------------------------Gas phase-----------------------------------

Total pressure:  0.52      atmospheres          (Peng-Robinson calculation)
    Gas volume:   1.00e+00 liters
  Molar volume:   4.66e+01 liters/mole
   P * Vm / RT:  0.99697  (Compressibility Factor Z) 

                                                        Moles in gas
                                            ----------------------------------
Component         log P           P    phi     Initial       Final       Delta

CO2(g)            -0.31   4.926e-01  0.997   4.069e-02   2.019e-02  -2.050e-02
H2O(g)            -1.51   3.095e-02  0.995   4.110e-04   1.269e-03   8.580e-04

-------------------------------Phase assemblage--------------------------------

                                                      Moles in assemblage
Phase               SI  log IAP  log K(T, P)   Initial       Final       Delta

Calcite           0.00    -8.48     -8.48    1.000e+00   9.416e-01  -5.841e-02
Dolomite          0.00   -17.09    -17.09    5.000e+00   5.026e+00   2.620e-02
Quartz           -0.00    -3.98     -3.98    1.000e+01   1.000e+01  -1.190e-05

-----------------------------Solution composition------------------------------

	Elements           Molality       Moles

	C                 2.870e-02   2.870e-02
	Ca                4.288e-02   4.288e-02
	Cl                5.658e-01   5.657e-01
	K                 1.058e-02   1.058e-02
	Mg                2.887e-02   2.887e-02
	Na                4.855e-01   4.854e-01
	S                 2.926e-02   2.926e-02
	Si                8.574e-05   8.573e-05

----------------------------Description of solution----------------------------

                                       pH  =   6.006      Charge balance
                                       pe  =  -0.206      Adjusted to redox equilibrium
      Specific Conductance (µS/cm,  25°C)  = 53260
                          Density (g/cm³)  =   1.02441
                               Volume (L)  =   1.01351
                        Activity of water  =   0.980
                 Ionic strength (mol/kgw)  =   6.904e-01
                       Mass of water (kg)  =   9.999e-01
                 Total alkalinity (eq/kg)  =   1.445e-02
                       Total CO2 (mol/kg)  =   2.870e-02
                         Temperature (°C)  =  25.00
                           Pressure (atm)  =  0.52
                  Electrical balance (eq)  =   7.967e-04
 Percent error, 100*(Cat-|An|)/(Cat+|An|)  =   0.06
                               Iterations  =  49
                                  Total H  = 1.110130e+02
                                  Total O  = 5.568831e+01

----------------------------Distribution of species----------------------------

                                               Log       Log       Log    mole V
   Species          Molality    Activity  Molality  Activity     Gamma   cm³/mol

   H+              1.308e-06   9.860e-07    -5.883    -6.006    -0.123      0.00
   OH-             1.657e-08   1.006e-08    -7.781    -7.997    -0.217     -2.60
   H2O             5.551e+01   9.800e-01     1.744    -0.009     0.000     18.07
C(-4)         1.460e-24
   CH4             1.460e-24   1.712e-24   -23.836   -23.767     0.069     35.45
C(4)          2.870e-02
   CO2             1.426e-02   1.671e-02    -1.846    -1.777     0.069     34.43
   HCO3-           1.096e-02   7.388e-03    -1.960    -2.131    -0.171     27.03
   CaHCO3+         1.286e-03   8.886e-04    -2.891    -3.051    -0.161      9.96
   NaHCO3          1.215e-03   1.424e-03    -2.915    -2.846     0.069      1.80
   MgHCO3+         9.625e-04   6.037e-04    -3.017    -3.219    -0.203      5.82
   CaCO3           4.747e-06   5.565e-06    -5.324    -5.255     0.069    -14.60
   (CO2)2          4.374e-06   5.127e-06    -5.359    -5.290     0.069     68.87
   NaCO3-          2.997e-06   2.243e-06    -5.523    -5.649    -0.126      2.96
   MgCO3           1.997e-06   2.341e-06    -5.700    -5.631     0.069    -17.09
   CO3-2           1.702e-06   3.514e-07    -5.769    -6.454    -0.685     -1.93
Ca            4.288e-02
   Ca+2            3.778e-02   9.427e-03    -1.423    -2.026    -0.603    -16.69
   CaSO4           3.806e-03   4.461e-03    -2.420    -2.351     0.069      7.50
   CaHCO3+         1.286e-03   8.886e-04    -2.891    -3.051    -0.161      9.96
   CaCO3           4.747e-06   5.565e-06    -5.324    -5.255     0.069    -14.60
   CaHSO4+         3.863e-08   2.892e-08    -7.413    -7.539    -0.126     (0)  
   CaOH+           2.078e-09   1.555e-09    -8.682    -8.808    -0.126     (0)  
Cl            5.658e-01
   Cl-             5.658e-01   3.561e-01    -0.247    -0.448    -0.201     18.80
H(0)          3.038e-15
   H2              1.519e-15   1.781e-15   -14.818   -14.749     0.069     28.61
K             1.058e-02
   K+              1.040e-02   6.466e-03    -1.983    -2.189    -0.206      9.67
   KSO4-           1.794e-04   1.209e-04    -3.746    -3.918    -0.171     34.86
Mg            2.887e-02
   Mg+2            2.419e-02   6.983e-03    -1.616    -2.156    -0.540    -20.40
   MgSO4           3.716e-03   4.356e-03    -2.430    -2.361     0.069      5.83
   MgHCO3+         9.625e-04   6.037e-04    -3.017    -3.219    -0.203      5.82
   MgCO3           1.997e-06   2.341e-06    -5.700    -5.631     0.069    -17.09
   MgOH+           3.582e-08   2.520e-08    -7.446    -7.599    -0.153     (0)  
Na            4.855e-01
   Na+             4.775e-01   3.428e-01    -0.321    -0.465    -0.144     -0.49
   NaSO4-          6.783e-03   4.572e-03    -2.169    -2.340    -0.171     21.31
   NaHCO3          1.215e-03   1.424e-03    -2.915    -2.846     0.069      1.80
   NaCO3-          2.997e-06   2.243e-06    -5.523    -5.649    -0.126      2.96
   NaOH            2.942e-19   3.449e-19   -18.531   -18.462     0.069     (0)  
O(0)          0.000e+00
   O2              0.000e+00   0.000e+00   -62.968   -62.899     0.069     30.40
S(-2)         4.580e-21
   H2S             3.742e-21   4.386e-21   -20.427   -20.358     0.069     37.17
   HS-             8.381e-22   5.088e-22   -21.077   -21.293    -0.217     21.36
   S-2             3.247e-28   6.232e-29   -27.488   -28.205    -0.717     (0)  
S(6)          2.926e-02
   SO4-2           1.478e-02   2.661e-03    -1.830    -2.575    -0.744     17.53
   NaSO4-          6.783e-03   4.572e-03    -2.169    -2.340    -0.171     21.31
   CaSO4           3.806e-03   4.461e-03    -2.420    -2.351     0.069      7.50
   MgSO4           3.716e-03   4.356e-03    -2.430    -2.361     0.069      5.83
   KSO4-           1.794e-04   1.209e-04    -3.746    -3.918    -0.171     34.86
   HSO4-           3.409e-07   2.551e-07    -6.467    -6.593    -0.126     40.97
   CaHSO4+         3.863e-08   2.892e-08    -7.413    -7.539    -0.126     (0)  
Si            8.574e-05
   H4SiO4          8.571e-05   1.005e-04    -4.067    -3.998     0.069     52.08
   H3SiO4-         2.396e-08   1.503e-08    -7.621    -7.823    -0.203     28.73
   H2SiO4-2        5.021e-15   1.037e-15   -14.299   -14.984    -0.685     (0)  

------------------------------Saturation indices-------------------------------

  Phase               SI** log IAP   log K(298 K,   1 atm)

  Anhydrite        -0.32     -4.60   -4.28  CaSO4
  Aragonite        -0.14     -8.48   -8.34  CaCO3
  Calcite           0.00     -8.48   -8.48  CaCO3
  CH4(g)          -20.96    -23.77   -2.80  CH4
  Chalcedony       -0.43     -3.98   -3.55  SiO2
  Chrysotile      -10.64     21.56   32.20  Mg3Si2O5(OH)4
  CO2(g)           -0.31     -1.78   -1.47  CO2	 Pressure   0.5 atm, phi 0.997
  Dolomite          0.00    -17.09  -17.09  CaMg(CO3)2
  Gypsum           -0.04     -4.62   -4.58  CaSO4:2H2O
  H2(g)           -11.65    -14.75   -3.10  H2
  H2O(g)           -1.51     -0.01    1.50  H2O	 Pressure   0.0 atm, phi 0.995
  H2S(g)          -19.31    -27.30   -7.99  H2S
  Halite           -2.48     -0.91    1.57  NaCl
  O2(g)           -60.01    -62.90   -2.89  O2
  Quartz           -0.00     -3.98   -3.98  SiO2
  Sepiolite        -8.04      7.72   15.76  Mg2Si3O7.5OH:3H2O
  Sepiolite(d)    -10.94      7.72   18.66  Mg2Si3O7.5OH:3H2O
  SiO2(a)          -1.27     -3.98   -2.71  SiO2
  Sulfur          -13.64     -8.76    4.88  S
  Sylvite          -3.54     -2.64    0.90  KCl
  Talc             -7.79     13.61   21.40  Mg3Si4O10(OH)2

**For a gas, SI = log10(fugacity). Fugacity = pressure * phi / 1 atm.
  For ideal gases, phi = 1.

------------------
End of simulation.
------------------

------------------------------------
Reading input data for simulation 2.
------------------------------------

----------------------------------
End of Run after 0.049561 Seconds.
----------------------------------

