   Input file: ../examples/reaktoro-phreeqc-reaction-temperature
  Output file: ../out/reaktoro-phreeqc-reaction-temperature.out
Database file: ../database/phreeqc.dat

------------------
Reading data base.
------------------

	SOLUTION_MASTER_SPECIES
	SOLUTION_SPECIES
	PHASES
	EXCHANGE_MASTER_SPECIES
	EXCHANGE_SPECIES
	SURFACE_MASTER_SPECIES
	SURFACE_SPECIES
	RATES
	END
------------------------------------
Reading input data for simulation 1.
------------------------------------

	TITLE Comparison of PHREEQC and Reaktoro speciation calculations for different temperatures
	SOLUTION 1
	        units   mol/kgw
	        pH      7.0
	        temp    30.0
	        pressure 1
	        Na      1.0
	        Cl      1.0
	SELECTED_OUTPUT
	        file   ../out/reaktoro-phreeqc-reaction-temperature.txt
	        temperature
	        molalities    Na+    Cl-
	        si     Halite
	USE solution 1
	REACTION_TEMPERATURE 2
	 30
	SELECTED_OUTPUT
	        file   ../out/reaktoro-phreeqc-reaction-temperature.txt
	        temperature
	        molalities    Na+    Cl-
	        si     Halite
	END
-----
TITLE
-----

 Comparison of PHREEQC and Reaktoro speciation calculations for different temperatures

-------------------------------------------
Beginning of initial solution calculations.
-------------------------------------------

Initial solution 1.	

-----------------------------Solution composition------------------------------

	Elements           Molality       Moles

	Cl                1.000e+00   1.000e+00
	Na                1.000e+00   1.000e+00

----------------------------Description of solution----------------------------

                                       pH  =   7.000    
                                       pe  =   4.000    
      Specific Conductance (µS/cm,  30°C)  = 91351
                          Density (g/cm³)  =   1.03429
                               Volume (L)  =   1.02335
                        Activity of water  =   0.966
                 Ionic strength (mol/kgw)  =   1.000e+00
                       Mass of water (kg)  =   1.000e+00
                 Total alkalinity (eq/kg)  =   1.111e-07
                         Temperature (°C)  =  30.00
                  Electrical balance (eq)  =  -1.111e-07
 Percent error, 100*(Cat-|An|)/(Cat+|An|)  =  -0.00
                               Iterations  =   4
                                  Total H  = 1.110124e+02
                                  Total O  = 5.550622e+01

----------------------------Distribution of species----------------------------

                                               Log       Log       Log    mole V
   Species          Molality    Activity  Molality  Activity     Gamma   cm³/mol

   OH-             2.459e-07   1.418e-07    -6.609    -6.848    -0.239     -1.90
   H+              1.348e-07   1.000e-07    -6.870    -7.000    -0.130      0.00
   H2O             5.551e+01   9.660e-01     1.744    -0.015     0.000     18.09
Cl            1.000e+00
   Cl-             1.000e+00   6.062e-01     0.000    -0.217    -0.217     19.08
H(0)          1.071e-25
   H2              5.355e-26   6.741e-26   -25.271   -25.171     0.100     28.60
Na            1.000e+00
   Na+             1.000e+00   7.285e-01     0.000    -0.138    -0.138     -0.11
   NaOH            8.207e-18   1.033e-17   -17.086   -16.986     0.100     (0)  
O(0)          0.000e+00
   O2              0.000e+00   0.000e+00   -40.581   -40.481     0.100     30.77

------------------------------Saturation indices-------------------------------

  Phase               SI** log IAP   log K(303 K,   1 atm)

  H2(g)           -22.06    -25.17   -3.11  H2
  H2O(g)           -1.39     -0.02    1.38  H2O
  Halite           -1.93     -0.35    1.57  NaCl
  O2(g)           -37.55    -40.48   -2.93  O2

**For a gas, SI = log10(fugacity). Fugacity = pressure * phi / 1 atm.
  For ideal gases, phi = 1.

-----------------------------------------
Beginning of batch-reaction calculations.
-----------------------------------------

Reaction step 1.

Using solution 1.	
Using temperature 2.	

-----------------------------Solution composition------------------------------

	Elements           Molality       Moles

	Cl                1.000e+00   1.000e+00
	Na                1.000e+00   1.000e+00

----------------------------Description of solution----------------------------

                                       pH  =   7.000      Charge balance
                                       pe  =   4.000      Adjusted to redox equilibrium
      Specific Conductance (µS/cm,  30°C)  = 91351
                          Density (g/cm³)  =   1.03429
                               Volume (L)  =   1.02335
                        Activity of water  =   0.966
                 Ionic strength (mol/kgw)  =   1.000e+00
                       Mass of water (kg)  =   1.000e+00
                 Total alkalinity (eq/kg)  =   1.111e-07
                         Temperature (°C)  =  30.00
                  Electrical balance (eq)  =  -1.111e-07
 Percent error, 100*(Cat-|An|)/(Cat+|An|)  =  -0.00
                               Iterations  =   0
                                  Total H  = 1.110124e+02
                                  Total O  = 5.550622e+01

----------------------------Distribution of species----------------------------

                                               Log       Log       Log    mole V
   Species          Molality    Activity  Molality  Activity     Gamma   cm³/mol

   OH-             2.459e-07   1.418e-07    -6.609    -6.848    -0.239     -1.90
   H+              1.348e-07   1.000e-07    -6.870    -7.000    -0.130      0.00
   H2O             5.551e+01   9.660e-01     1.744    -0.015     0.000     18.09
Cl            1.000e+00
   Cl-             1.000e+00   6.062e-01     0.000    -0.217    -0.217     19.08
H(0)          1.071e-25
   H2              5.355e-26   6.741e-26   -25.271   -25.171     0.100     28.60
Na            1.000e+00
   Na+             1.000e+00   7.285e-01     0.000    -0.138    -0.138     -0.11
   NaOH            8.207e-18   1.033e-17   -17.086   -16.986     0.100     (0)  
O(0)          0.000e+00
   O2              0.000e+00   0.000e+00   -40.581   -40.481     0.100     30.77

------------------------------Saturation indices-------------------------------

  Phase               SI** log IAP   log K(303 K,   1 atm)

  H2(g)           -22.06    -25.17   -3.11  H2
  H2O(g)           -1.39     -0.02    1.38  H2O
  Halite           -1.93     -0.35    1.57  NaCl
  O2(g)           -37.55    -40.48   -2.93  O2

**For a gas, SI = log10(fugacity). Fugacity = pressure * phi / 1 atm.
  For ideal gases, phi = 1.

------------------
End of simulation.
------------------

------------------------------------
Reading input data for simulation 2.
------------------------------------

	USE solution 1
	REACTION_TEMPERATURE 3
	 40
	SELECTED_OUTPUT
	        file   ../out/reaktoro-phreeqc-reaction-temperature.txt
	        temperature
	        molalities    Na+    Cl-
	        si     Halite
	END
-----------------------------------------
Beginning of batch-reaction calculations.
-----------------------------------------

Reaction step 1.

Using solution 1.	
Using temperature 3.	

-----------------------------Solution composition------------------------------

	Elements           Molality       Moles

	Cl                1.000e+00   1.000e+00
	Na                1.000e+00   1.000e+00

----------------------------Description of solution----------------------------

                                       pH  =   6.811      Charge balance
                                       pe  =  -1.254      Adjusted to redox equilibrium
      Specific Conductance (µS/cm,  40°C)  = 108874
                          Density (g/cm³)  =   1.03031
                               Volume (L)  =   1.02731
                        Activity of water  =   0.966
                 Ionic strength (mol/kgw)  =   1.000e+00
                       Mass of water (kg)  =   1.000e+00
                 Total alkalinity (eq/kg)  =   1.112e-07
                         Temperature (°C)  =  40.00
                  Electrical balance (eq)  =  -1.116e-07
 Percent error, 100*(Cat-|An|)/(Cat+|An|)  =  -0.00
                               Iterations  =   7
                                  Total H  = 1.110124e+02
                                  Total O  = 5.550622e+01

----------------------------Distribution of species----------------------------

                                               Log       Log       Log    mole V
   Species          Molality    Activity  Molality  Activity     Gamma   cm³/mol

   OH-             3.203e-07   1.831e-07    -6.494    -6.737    -0.243     -1.65
   H+              2.092e-07   1.544e-07    -6.679    -6.811    -0.132      0.00
   H2O             5.551e+01   9.660e-01     1.744    -0.015     0.000     18.16
Cl            1.000e+00
   Cl-             1.000e+00   6.011e-01     0.000    -0.221    -0.221     19.24
H(0)          7.484e-15
   H2              3.742e-15   4.711e-15   -14.427   -14.327     0.100     28.59
Na            1.000e+00
   Na+             1.000e+00   7.228e-01     0.000    -0.141    -0.141      0.21
   NaOH            1.051e-17   1.324e-17   -16.978   -16.878     0.100     (0)  
O(0)          0.000e+00
   O2              0.000e+00   0.000e+00   -59.247   -59.147     0.100     31.40

------------------------------Saturation indices-------------------------------

  Phase               SI** log IAP   log K(313 K,   1 atm)

  H2(g)           -11.20    -14.33   -3.13  H2
  H2O(g)           -1.15     -0.02    1.14  H2O
  Halite           -1.94     -0.36    1.58  NaCl
  O2(g)           -56.16    -59.15   -2.98  O2

**For a gas, SI = log10(fugacity). Fugacity = pressure * phi / 1 atm.
  For ideal gases, phi = 1.

------------------
End of simulation.
------------------

------------------------------------
Reading input data for simulation 3.
------------------------------------

	USE solution 1
	REACTION_TEMPERATURE 4
	 50
	SELECTED_OUTPUT
	        file   ../out/reaktoro-phreeqc-reaction-temperature.txt
	        temperature
	        molalities    Na+    Cl-
	        si     Halite
	END
-----------------------------------------
Beginning of batch-reaction calculations.
-----------------------------------------

Reaction step 1.

Using solution 1.	
Using temperature 4.	

-----------------------------Solution composition------------------------------

	Elements           Molality       Moles

	Cl                1.000e+00   1.000e+00
	Na                1.000e+00   1.000e+00

----------------------------Description of solution----------------------------

                                       pH  =   6.649      Charge balance
                                       pe  =  -1.045      Adjusted to redox equilibrium
      Specific Conductance (µS/cm,  50°C)  = 126947
                          Density (g/cm³)  =   1.02577
                               Volume (L)  =   1.03186
                        Activity of water  =   0.966
                 Ionic strength (mol/kgw)  =   1.000e+00
                       Mass of water (kg)  =   1.000e+00
                 Total alkalinity (eq/kg)  =   1.111e-07
                         Temperature (°C)  =  50.00
                  Electrical balance (eq)  =  -1.111e-07
 Percent error, 100*(Cat-|An|)/(Cat+|An|)  =  -0.00
                               Iterations  =   8
                                  Total H  = 1.110124e+02
                                  Total O  = 5.550622e+01

----------------------------Distribution of species----------------------------

                                               Log       Log       Log    mole V
   Species          Molality    Activity  Molality  Activity     Gamma   cm³/mol

   OH-             4.163e-07   2.357e-07    -6.381    -6.628    -0.247     -1.55
   H+              3.053e-07   2.243e-07    -6.515    -6.649    -0.134      0.00
   H2O             5.551e+01   9.660e-01     1.744    -0.015     0.000     18.23
Cl            1.000e+00
   Cl-             1.000e+00   5.955e-01     0.000    -0.225    -0.225     19.27
H(0)          5.539e-15
   H2              2.769e-15   3.486e-15   -14.558   -14.458     0.100     28.59
Na            1.000e+00
   Na+             1.000e+00   7.165e-01     0.000    -0.145    -0.145      0.47
   NaOH            1.342e-17   1.689e-17   -16.872   -16.772     0.100     (0)  
O(0)          0.000e+00
   O2              0.000e+00   0.000e+00   -56.151   -56.051     0.100     31.92

------------------------------Saturation indices-------------------------------

  Phase               SI** log IAP   log K(323 K,   1 atm)

  H2(g)           -11.32    -14.46   -3.14  H2
  H2O(g)           -0.93     -0.02    0.92  H2O
  Halite           -1.96     -0.37    1.59  NaCl
  O2(g)           -53.02    -56.05   -3.03  O2

**For a gas, SI = log10(fugacity). Fugacity = pressure * phi / 1 atm.
  For ideal gases, phi = 1.

------------------
End of simulation.
------------------

------------------------------------
Reading input data for simulation 4.
------------------------------------

----------------------------------
End of Run after 0.017885 Seconds.
----------------------------------

